<?xml version="1.0" encoding="UTF-8"?>
<!-- Generated by org.testng.reporters.JUnitReportReporter -->
<testsuite hostname="DESKTOP-303SFMA" failures="0" tests="2" name="factory.Sample1" time="0.013" errors="0" timestamp="2023-07-25T02:09:35 GMT-05:00" skipped="0">
  <testcase classname="factory.Sample1" name="test1" time="0.012"/>
  <testcase classname="factory.Sample1" name="test2" time="0.001"/>
</testsuite> <!-- factory.Sample1 -->
