<?xml version="1.0" encoding="UTF-8"?>
<!-- Generated by org.testng.reporters.JUnitReportReporter -->
<testsuite hostname="DESKTOP-303SFMA" failures="0" tests="1" name="para.Yahoo" time="0.013" errors="0" timestamp="2023-07-25T01:50:16 GMT-05:00" skipped="0">
  <testcase classname="para.Yahoo" name="yahooLogin" time="0.013"/>
</testsuite> <!-- para.Yahoo -->
