<?xml version="1.0" encoding="UTF-8"?>
<!-- Generated by org.testng.reporters.JUnitReportReporter -->
<testsuite hostname="DESKTOP-303SFMA" failures="0" tests="3" name="testNGLearning.CompareWTData" time="31.998" errors="0" timestamp="2023-07-20T17:14:18 GMT-05:00" skipped="0">
  <testcase classname="testNGLearning.CompareWTData" name="readFrmWebTb" time="31.988"/>
  <testcase classname="testNGLearning.CompareWTData" name="readDataFrmTextFile" time="0.009"/>
  <testcase classname="testNGLearning.CompareWTData" name="compareExpAndAct" time="0.001"/>
</testsuite> <!-- testNGLearning.CompareWTData -->
