<?xml version="1.0" encoding="UTF-8"?>
<!-- Generated by org.testng.reporters.JUnitReportReporter -->
<testsuite hostname="DESKTOP-303SFMA" failures="0" tests="1" name="para.Gmail" time="0.001" errors="0" timestamp="2023-07-25T01:50:16 GMT-05:00" skipped="0">
  <testcase classname="para.Gmail" name="gmailLogin" time="0.001"/>
</testsuite> <!-- para.Gmail -->
