<?xml version="1.0" encoding="UTF-8"?>
<!-- Generated by org.testng.reporters.JUnitReportReporter -->
<testsuite hostname="DESKTOP-303SFMA" failures="0" tests="3" name="testNGLearning.DP_Exp" time="0.011" errors="0" timestamp="2023-07-29T13:27:42 GMT-05:00" skipped="0">
  <testcase classname="testNGLearning.DP_Exp" name="login" time="0.001"/>
  <testcase classname="testNGLearning.DP_Exp" name="login" time="0.001"/>
  <testcase classname="testNGLearning.DP_Exp" name="login" time="0.009"/>
</testsuite> <!-- testNGLearning.DP_Exp -->
