<?xml version="1.0" encoding="UTF-8"?>
<!-- Generated by org.testng.reporters.JUnitReportReporter -->
<testsuite hostname="DESKTOP-303SFMA" failures="0" tests="1" name="testNGLearning.ReadDataFromWebTable" time="15.002" errors="0" timestamp="2023-07-13T03:16:52 GMT-05:00" skipped="0">
  <testcase classname="testNGLearning.ReadDataFromWebTable" name="web_table" time="15.002"/>
</testsuite> <!-- testNGLearning.ReadDataFromWebTable -->
