<?xml version="1.0" encoding="UTF-8"?>
<!-- Generated by org.testng.reporters.JUnitReportReporter -->
<testsuite hostname="DESKTOP-303SFMA" failures="0" tests="2" name="factory.Sample2" time="0.004" errors="0" timestamp="2023-07-25T02:09:35 GMT-05:00" skipped="0">
  <testcase classname="factory.Sample2" name="test1" time="0.002"/>
  <testcase classname="factory.Sample2" name="test2" time="0.002"/>
</testsuite> <!-- factory.Sample2 -->
