<?xml version="1.0" encoding="UTF-8"?>
<!-- Generated by org.testng.reporters.JUnitReportReporter -->
<testsuite hostname="DESKTOP-303SFMA" failures="0" tests="1" name="testNGLearning.ThruTextFile" time="0.018" errors="0" timestamp="2023-07-12T03:14:46 GMT-05:00" skipped="0">
  <testcase classname="testNGLearning.ThruTextFile" name="readfrmTextFile" time="0.018"/>
</testsuite> <!-- testNGLearning.ThruTextFile -->
